*** 2021-11-02T17:37:50Z: pi Starting up MY-DAEMON PID: 2735
*** 2021-11-02T17:37:50Z: an important message or log detail...
*** 2021-11-02T17:39:01Z: pi Starting up MY-DAEMON PID: 2774
*** 2021-11-02T17:39:01Z: an important message or log detail...
*** 2021-11-02T17:40:01Z: an important message or log detail...
*** 2021-11-02T17:40:12Z: MY-DAEMON pi checked status - Not running.
*** 2021-11-02T17:41:01Z: an important message or log detail...
*** 2021-11-02T17:41:40Z: MY-DAEMON pi checked status - Not running.
*** 2021-11-02T17:42:01Z: an important message or log detail...
*** 2021-11-02T17:42:24Z: pi Starting up MY-DAEMON PID: 2902
*** 2021-11-02T17:42:24Z: an important message or log detail...
*** 2021-11-02T17:43:01Z: an important message or log detail...
*** 2021-11-02T17:44:01Z: an important message or log detail...
*** 2021-11-02T17:45:01Z: an important message or log detail...
*** 2021-11-02T17:46:01Z: an important message or log detail...
*** 2021-11-02T17:46:25Z: pi Starting up MY-DAEMON PID: 2996
*** 2021-11-02T17:46:25Z: an important message or log detail...
*** 2021-11-02T17:46:39Z: pi Starting up MY-DAEMON PID: 3022
*** 2021-11-02T17:46:39Z: an important message or log detail...
*** 2021-11-02T17:46:56Z: MY-DAEMON pi checked status - Not running.
*** 2021-11-02T17:47:01Z: an important message or log detail...
*** 2021-11-02T17:47:08Z: pi Starting up MY-DAEMON PID: 3077
*** 2021-11-02T17:47:08Z: an important message or log detail...
*** 2021-11-02T17:47:39Z: an important message or log detail...
*** 2021-11-02T17:48:02Z: an important message or log detail...
*** 2021-11-02T17:48:08Z: an important message or log detail...
*** 2021-11-02T17:48:39Z: an important message or log detail...
*** 2021-11-02T17:49:02Z: an important message or log detail...
*** 2021-11-02T17:49:08Z: an important message or log detail...
*** 2021-11-02T17:49:39Z: an important message or log detail...
*** 2021-11-02T17:50:02Z: an important message or log detail...
*** 2021-11-02T17:50:08Z: an important message or log detail...
*** 2021-11-02T17:50:39Z: an important message or log detail...
*** 2021-11-02T17:51:02Z: an important message or log detail...
*** 2021-11-02T17:51:08Z: an important message or log detail...
*** 2021-11-02T17:51:39Z: an important message or log detail...
*** 2021-11-02T17:52:02Z: an important message or log detail...
*** 2021-11-02T17:52:08Z: an important message or log detail...
*** 2021-11-02T17:52:39Z: an important message or log detail...
*** 2021-11-02T17:53:02Z: an important message or log detail...
*** 2021-11-02T17:53:08Z: an important message or log detail...
*** 2021-11-02T17:53:39Z: an important message or log detail...
*** 2021-11-02T17:54:02Z: an important message or log detail...
*** 2021-11-02T17:54:08Z: an important message or log detail...
*** 2021-11-02T17:54:39Z: an important message or log detail...
*** 2021-11-02T17:54:54Z: pi Starting up MY-DAEMON PID: 3343
*** 2021-11-02T17:54:54Z: an important message or log detail...
*** 2021-11-02T17:55:02Z: an important message or log detail...
*** 2021-11-02T17:55:08Z: an important message or log detail...
*** 2021-11-02T17:55:39Z: an important message or log detail...
*** 2021-11-02T17:56:02Z: an important message or log detail...
*** 2021-11-02T17:56:08Z: an important message or log detail...
*** 2021-11-02T17:56:37Z: pi Starting up MY-DAEMON PID: 3470.
*** 2021-11-02T17:56:37Z: an important message or log detail...
*** 2021-11-02T17:56:39Z: an important message or log detail...
*** 2021-11-02T17:57:02Z: an important message or log detail...
*** 2021-11-02T17:57:08Z: an important message or log detail...
*** 2021-11-02T17:57:37Z: an important message or log detail...
*** 2021-11-02T17:57:39Z: an important message or log detail...
*** 2021-11-02T17:57:46Z: MY-DAEMON stopped.
*** 2021-11-02T17:58:02Z: an important message or log detail...
*** 2021-11-02T17:58:08Z: an important message or log detail...
*** 2021-11-02T17:58:39Z: an important message or log detail...
*** 2021-11-02T17:59:02Z: an important message or log detail...
*** 2021-11-02T17:59:08Z: an important message or log detail...
*** 2021-11-02T17:59:39Z: an important message or log detail...
*** 2021-11-02T18:00:02Z: an important message or log detail...
*** 2021-11-02T18:00:08Z: an important message or log detail...
*** 2021-11-02T18:00:39Z: an important message or log detail...
*** 2021-11-02T18:01:02Z: an important message or log detail...
*** 2021-11-02T18:01:08Z: an important message or log detail...
*** 2021-11-02T18:01:39Z: an important message or log detail...
*** 2021-11-02T18:02:02Z: an important message or log detail...
*** 2021-11-02T18:02:09Z: an important message or log detail...
*** 2021-11-02T18:02:39Z: an important message or log detail...
*** 2021-11-02T18:03:02Z: an important message or log detail...
*** 2021-11-02T18:03:09Z: an important message or log detail...
*** 2021-11-02T18:03:39Z: an important message or log detail...
*** 2021-11-02T18:04:02Z: an important message or log detail...
*** 2021-11-02T18:04:09Z: an important message or log detail...
*** 2021-11-02T18:04:39Z: an important message or log detail...
*** 2021-11-02T18:05:02Z: an important message or log detail...
*** 2021-11-02T18:05:09Z: an important message or log detail...
*** 2021-11-02T18:05:39Z: an important message or log detail...
*** 2021-11-02T18:06:02Z: an important message or log detail...
*** 2021-11-02T18:06:09Z: an important message or log detail...
